d:\coding\c_c++\simplegraphicalframework\drawloop\debug\vc142.pdb
d:\coding\c_c++\simplegraphicalframework\drawloop\debug\vc142.idb
d:\coding\c_c++\simplegraphicalframework\drawloop\debug\main.obj
d:\coding\c_c++\simplegraphicalframework\drawloop\debug\renderer.obj
d:\coding\c_c++\simplegraphicalframework\drawloop\debug\programinputhandler.obj
d:\coding\c_c++\simplegraphicalframework\drawloop\debug\triangle.obj
d:\coding\c_c++\simplegraphicalframework\drawloop\debug\quad.obj
d:\coding\c_c++\simplegraphicalframework\drawloop\debug\primitive.obj
d:\coding\c_c++\simplegraphicalframework\drawloop\debug\figure.obj
d:\coding\c_c++\simplegraphicalframework\drawloop\debug\glm.obj
d:\coding\c_c++\simplegraphicalframework\drawloop\debug\vector3.obj
d:\coding\c_c++\simplegraphicalframework\debug\drawloop.exe
d:\coding\c_c++\simplegraphicalframework\debug\drawloop.ilk
d:\coding\c_c++\simplegraphicalframework\debug\drawloop.pdb
d:\coding\c_c++\simplegraphicalframework\drawloop\debug\drawloop.tlog\cl.command.1.tlog
d:\coding\c_c++\simplegraphicalframework\drawloop\debug\drawloop.tlog\cl.read.1.tlog
d:\coding\c_c++\simplegraphicalframework\drawloop\debug\drawloop.tlog\cl.write.1.tlog
d:\coding\c_c++\simplegraphicalframework\drawloop\debug\drawloop.tlog\link.command.1.tlog
d:\coding\c_c++\simplegraphicalframework\drawloop\debug\drawloop.tlog\link.read.1.tlog
d:\coding\c_c++\simplegraphicalframework\drawloop\debug\drawloop.tlog\link.write.1.tlog
